
=== Mon Feb 10 10:58:55 2025

Packages were changed.
Update Mode: mergeDefaultDependencies

The following packages were added:
  com.unity.modules.ai@1.0.0
  com.unity.modules.androidjni@1.0.0
  com.unity.modules.animation@1.0.0
  com.unity.modules.assetbundle@1.0.0
  com.unity.modules.audio@1.0.0
  com.unity.modules.cloth@1.0.0
  com.unity.modules.director@1.0.0
  com.unity.modules.imageconversion@1.0.0
  com.unity.modules.imgui@1.0.0
  com.unity.modules.jsonserialize@1.0.0
  com.unity.modules.particlesystem@1.0.0
  com.unity.modules.physics@1.0.0
  com.unity.modules.physics2d@1.0.0
  com.unity.modules.screencapture@1.0.0
  com.unity.modules.terrain@1.0.0
  com.unity.modules.terrainphysics@1.0.0
  com.unity.modules.tilemap@1.0.0
  com.unity.modules.ui@1.0.0
  com.unity.modules.uielements@1.0.0
  com.unity.modules.umbra@1.0.0
  com.unity.modules.unityanalytics@1.0.0
  com.unity.modules.unitywebrequest@1.0.0
  com.unity.modules.unitywebrequestassetbundle@1.0.0
  com.unity.modules.unitywebrequestaudio@1.0.0
  com.unity.modules.unitywebrequesttexture@1.0.0
  com.unity.modules.unitywebrequestwww@1.0.0
  com.unity.modules.vehicles@1.0.0
  com.unity.modules.video@1.0.0
  com.unity.modules.vr@1.0.0
  com.unity.modules.wind@1.0.0
  com.unity.modules.xr@1.0.0
The following packages were updated:
  com.unity.collab-proxy from version 1.13.5 to 2.2.0
  com.unity.timeline from version 1.6.2 to 1.7.6
  com.unity.visualscripting from version 1.7.6 to 1.9.1

=== Fri Feb 14 09:52:44 2025

Packages were changed.
Update Mode: updateDependencies

The following packages were updated:
  com.unity.xr.interaction.toolkit from version 2.4.1 to 2.5.2

=== Fri Feb 14 09:52:44 2025

Packages were changed.
Update Mode: mergeDefaultDependencies

The following packages were added:
  com.unity.inputsystem@1.7.0
  com.unity.xr.interaction.toolkit@2.5.2

=== Fri Feb 14 09:55:44 2025

Packages were changed.
Update Mode: updateDependencies

The following packages were updated:
  com.unity.xr.interaction.toolkit from version 2.4.1 to 2.5.2

=== Sat Mar 29 10:29:52 2025

Packages were changed.
Update Mode: updateDependencies

The following packages were added:
  com.unity.modules.accessibility@1.0.0
  com.unity.multiplayer.center@1.0.0
The following packages were updated:
  com.unity.collab-proxy from version 2.6.0 to 2.7.1
  com.unity.feature.development from version 1.0.1 to 1.0.2
  com.unity.inputsystem from version 1.7.0 to 1.13.1
  com.unity.timeline from version 1.7.6 to 1.8.7
  com.unity.ugui from version 1.0.0 to 2.0.0
  com.unity.visualscripting from version 1.9.1 to 1.9.5
  com.unity.xr.interaction.toolkit from version 2.5.2 to 3.0.7
  com.unity.xr.oculus from version 4.1.2 to 4.5.0
The following packages were removed:
  com.unity.textmeshpro@3.0.6

=== Thu Apr 24 11:29:07 2025

Packages were changed.
Update Mode: updateDependencies

The following packages were updated:
  com.unity.inputsystem from version 1.7.0 to 1.13.1
The following packages were removed:
  com.unity.textmeshpro@3.0.6
